# JRE version: Java(TM) SE Runtime Environment (7.0_75-b13) (build 1.7.0_75-b13)
# Java VM: Java HotSpot(TM) 64-Bit Server VM (24.75-b04 mixed mode windows-amd64 compressed oops)
Heap
 PSYoungGen      total 32256K, used 256K [0x00000000eb280000, 0x00000000ed300000, 0x0000000100000000)
  eden space 31232K, 0% used [0x00000000eb280000,0x00000000eb280000,0x00000000ed100000)
  from space 1024K, 25% used [0x00000000ed200000,0x00000000ed240000,0x00000000ed300000)
  to   space 1024K, 0% used [0x00000000ed100000,0x00000000ed100000,0x00000000ed200000)
 ParOldGen       total 255488K, used 159600K [0x00000000c1800000, 0x00000000d1180000, 0x00000000eb280000)
  object space 255488K, 62% used [0x00000000c1800000,0x00000000cb3dc1f0,0x00000000d1180000)
 PSPermGen       total 21504K, used 10115K [0x00000000bc600000, 0x00000000bdb00000, 0x00000000c1800000)
  object space 21504K, 47% used [0x00000000bc600000,0x00000000bcfe0fa8,0x00000000bdb00000)
GC Heap History (10 events):
Event: 4883.468 GC heap after
Heap after GC invocations=2053 (full 27):
 PSYoungGen      total 32256K, used 544K [0x00000000eb280000, 0x00000000ed300000, 0x0000000100000000)
  eden space 31232K, 0% used [0x00000000eb280000,0x00000000eb280000,0x00000000ed100000)
  from space 1024K, 53% used [0x00000000ed200000,0x00000000ed288000,0x00000000ed300000)
  to   space 1024K, 0% used [0x00000000ed100000,0x00000000ed100000,0x00000000ed200000)
 ParOldGen       total 255488K, used 159600K [0x00000000c1800000, 0x00000000d1180000, 0x00000000eb280000)
  object space 255488K, 62% used [0x00000000c1800000,0x00000000cb3dc1f0,0x00000000d1180000)
 PSPermGen       total 21504K, used 10114K [0x00000000bc600000, 0x00000000bdb00000, 0x00000000c1800000)
  object space 21504K, 47% used [0x00000000bc600000,0x00000000bcfe09c0,0x00000000bdb00000)
}
Event: 4886.073 GC heap before
{Heap before GC invocations=2054 (full 27):
 PSYoungGen      total 32256K, used 31776K [0x00000000eb280000, 0x00000000ed300000, 0x0000000100000000)
  eden space 31232K, 100% used [0x00000000eb280000,0x00000000ed100000,0x00000000ed100000)
  from space 1024K, 53% used [0x00000000ed200000,0x00000000ed288000,0x00000000ed300000)
  to   space 1024K, 0% used [0x00000000ed100000,0x00000000ed100000,0x00000000ed200000)
 ParOldGen       total 255488K, used 159600K [0x00000000c1800000, 0x00000000d1180000, 0x00000000eb280000)
  object space 255488K, 62% used [0x00000000c1800000,0x00000000cb3dc1f0,0x00000000d1180000)
 PSPermGen       total 21504K, used 10114K [0x00000000bc600000, 0x00000000bdb00000, 0x00000000c1800000)
  object space 21504K, 47% used [0x00000000bc600000,0x00000000bcfe09c0,0x00000000bdb00000)
Event: 4886.077 GC heap after
Heap after GC invocations=2054 (full 27):
 PSYoungGen      total 32256K, used 544K [0x00000000eb280000, 0x00000000ed300000, 0x0000000100000000)
  eden space 31232K, 0% used [0x00000000eb280000,0x00000000eb280000,0x00000000ed100000)
  from space 1024K, 53% used [0x00000000ed100000,0x00000000ed188000,0x00000000ed200000)
  to   space 1024K, 0% used [0x00000000ed200000,0x00000000ed200000,0x00000000ed300000)
 ParOldGen       total 255488K, used 159600K [0x00000000c1800000, 0x00000000d1180000, 0x00000000eb280000)
  object space 255488K, 62% used [0x00000000c1800000,0x00000000cb3dc1f0,0x00000000d1180000)
 PSPermGen       total 21504K, used 10114K [0x00000000bc600000, 0x00000000bdb00000, 0x00000000c1800000)
  object space 21504K, 47% used [0x00000000bc600000,0x00000000bcfe09c0,0x00000000bdb00000)
}
Event: 4888.664 GC heap before
{Heap before GC invocations=2055 (full 27):
 PSYoungGen      total 32256K, used 31776K [0x00000000eb280000, 0x00000000ed300000, 0x0000000100000000)
  eden space 31232K, 100% used [0x00000000eb280000,0x00000000ed100000,0x00000000ed100000)
  from space 1024K, 53% used [0x00000000ed100000,0x00000000ed188000,0x00000000ed200000)
  to   space 1024K, 0% used [0x00000000ed200000,0x00000000ed200000,0x00000000ed300000)
 ParOldGen       total 255488K, used 159600K [0x00000000c1800000, 0x00000000d1180000, 0x00000000eb280000)
  object space 255488K, 62% used [0x00000000c1800000,0x00000000cb3dc1f0,0x00000000d1180000)
 PSPermGen       total 21504K, used 10114K [0x00000000bc600000, 0x00000000bdb00000, 0x00000000c1800000)
  object space 21504K, 47% used [0x00000000bc600000,0x00000000bcfe09c0,0x00000000bdb00000)
Event: 4888.668 GC heap after
Heap after GC invocations=2055 (full 27):
 PSYoungGen      total 32256K, used 544K [0x00000000eb280000, 0x00000000ed300000, 0x0000000100000000)
  eden space 31232K, 0% used [0x00000000eb280000,0x00000000eb280000,0x00000000ed100000)
  from space 1024K, 53% used [0x00000000ed200000,0x00000000ed288000,0x00000000ed300000)
  to   space 1024K, 0% used [0x00000000ed100000,0x00000000ed100000,0x00000000ed200000)
 ParOldGen       total 255488K, used 159600K [0x00000000c1800000, 0x00000000d1180000, 0x00000000eb280000)
  object space 255488K, 62% used [0x00000000c1800000,0x00000000cb3dc1f0,0x00000000d1180000)
 PSPermGen       total 21504K, used 10114K [0x00000000bc600000, 0x00000000bdb00000, 0x00000000c1800000)
  object space 21504K, 47% used [0x00000000bc600000,0x00000000bcfe09c0,0x00000000bdb00000)
}
Event: 4891.262 GC heap before
{Heap before GC invocations=2056 (full 27):
 PSYoungGen      total 32256K, used 31776K [0x00000000eb280000, 0x00000000ed300000, 0x0000000100000000)
  eden space 31232K, 100% used [0x00000000eb280000,0x00000000ed100000,0x00000000ed100000)
  from space 1024K, 53% used [0x00000000ed200000,0x00000000ed288000,0x00000000ed300000)
  to   space 1024K, 0% used [0x00000000ed100000,0x00000000ed100000,0x00000000ed200000)
 ParOldGen       total 255488K, used 159600K [0x00000000c1800000, 0x00000000d1180000, 0x00000000eb280000)
  object space 255488K, 62% used [0x00000000c1800000,0x00000000cb3dc1f0,0x00000000d1180000)
 PSPermGen       total 21504K, used 10114K [0x00000000bc600000, 0x00000000bdb00000, 0x00000000c1800000)
  object space 21504K, 47% used [0x00000000bc600000,0x00000000bcfe09c0,0x00000000bdb00000)
Event: 4891.266 GC heap after
Heap after GC invocations=2056 (full 27):
 PSYoungGen      total 32256K, used 544K [0x00000000eb280000, 0x00000000ed300000, 0x0000000100000000)
  eden space 31232K, 0% used [0x00000000eb280000,0x00000000eb280000,0x00000000ed100000)
  from space 1024K, 53% used [0x00000000ed100000,0x00000000ed188000,0x00000000ed200000)
  to   space 1024K, 0% used [0x00000000ed200000,0x00000000ed200000,0x00000000ed300000)
 ParOldGen       total 255488K, used 159600K [0x00000000c1800000, 0x00000000d1180000, 0x00000000eb280000)
  object space 255488K, 62% used [0x00000000c1800000,0x00000000cb3dc1f0,0x00000000d1180000)
 PSPermGen       total 21504K, used 10114K [0x00000000bc600000, 0x00000000bdb00000, 0x00000000c1800000)
  object space 21504K, 47% used [0x00000000bc600000,0x00000000bcfe09c0,0x00000000bdb00000)
}
Event: 4913.665 GC heap before
{Heap before GC invocations=2057 (full 27):
 PSYoungGen      total 32256K, used 17824K [0x00000000eb280000, 0x00000000ed300000, 0x0000000100000000)
  eden space 31232K, 55% used [0x00000000eb280000,0x00000000ec360128,0x00000000ed100000)
  from space 1024K, 53% used [0x00000000ed100000,0x00000000ed188000,0x00000000ed200000)
  to   space 1024K, 0% used [0x00000000ed200000,0x00000000ed200000,0x00000000ed300000)
 ParOldGen       total 255488K, used 159600K [0x00000000c1800000, 0x00000000d1180000, 0x00000000eb280000)
  object space 255488K, 62% used [0x00000000c1800000,0x00000000cb3dc1f0,0x00000000d1180000)
 PSPermGen       total 21504K, used 10115K [0x00000000bc600000, 0x00000000bdb00000, 0x00000000c1800000)
  object space 21504K, 47% used [0x00000000bc600000,0x00000000bcfe0fa8,0x00000000bdb00000)
Event: 4913.668 GC heap after
Heap after GC invocations=2057 (full 27):
 PSYoungGen      total 32256K, used 256K [0x00000000eb280000, 0x00000000ed300000, 0x0000000100000000)
  eden space 31232K, 0% used [0x00000000eb280000,0x00000000eb280000,0x00000000ed100000)
  from space 1024K, 25% used [0x00000000ed200000,0x00000000ed240000,0x00000000ed300000)
  to   space 1024K, 0% used [0x00000000ed100000,0x00000000ed100000,0x00000000ed200000)
 ParOldGen       total 255488K, used 159600K [0x00000000c1800000, 0x00000000d1180000, 0x00000000eb280000)
  object space 255488K, 62% used [0x00000000c1800000,0x00000000cb3dc1f0,0x00000000d1180000)
 PSPermGen       total 21504K, used 10115K [0x00000000bc600000, 0x00000000bdb00000, 0x00000000c1800000)
  object space 21504K, 47% used [0x00000000bc600000,0x00000000bcfe0fa8,0x00000000bdb00000)
}
Event: 4913.669 GC heap before
{Heap before GC invocations=2058 (full 28):
 PSYoungGen      total 32256K, used 256K [0x00000000eb280000, 0x00000000ed300000, 0x0000000100000000)
  eden space 31232K, 0% used [0x00000000eb280000,0x00000000eb280000,0x00000000ed100000)
  from space 1024K, 25% used [0x00000000ed200000,0x00000000ed240000,0x00000000ed300000)
  to   space 1024K, 0% used [0x00000000ed100000,0x00000000ed100000,0x00000000ed200000)
 ParOldGen       total 255488K, used 159600K [0x00000000c1800000, 0x00000000d1180000, 0x00000000eb280000)
  object space 255488K, 62% used [0x00000000c1800000,0x00000000cb3dc1f0,0x00000000d1180000)
 PSPermGen       total 21504K, used 10115K [0x00000000bc600000, 0x00000000bdb00000, 0x00000000c1800000)
  object space 21504K, 47% used [0x00000000bc600000,0x00000000bcfe0fa8,0x00000000bdb00000)

